{"/www/react-infrastructure/src/components/home/Content.js": {"path":"/www/react-infrastructure/src/components/home/Content.js","statementMap":{"0":{"start":{"line":7,"column":49},"end":{"line":7,"column":59}},"1":{"start":{"line":8,"column":8},"end":{"line":14,"column":9}},"2":{"start":{"line":10,"column":41},"end":{"line":10,"column":51}},"3":{"start":{"line":12,"column":41},"end":{"line":12,"column":54}},"4":{"start":{"line":18,"column":0},"end":{"line":22,"column":1}},"5":{"start":{"line":24,"column":22},"end":{"line":24,"column":32}},"6":{"start":{"line":25,"column":4},"end":{"line":27,"column":6}}},"fnMap":{"0":{"name":"(anonymous_0)","decl":{"start":{"line":6,"column":4},"end":{"line":6,"column":5}},"loc":{"start":{"line":6,"column":13},"end":{"line":15,"column":5}},"line":6},"1":{"name":"(anonymous_1)","decl":{"start":{"line":10,"column":33},"end":{"line":10,"column":34}},"loc":{"start":{"line":10,"column":39},"end":{"line":10,"column":53}},"line":10},"2":{"name":"(anonymous_2)","decl":{"start":{"line":12,"column":33},"end":{"line":12,"column":34}},"loc":{"start":{"line":12,"column":39},"end":{"line":12,"column":56}},"line":12},"3":{"name":"(anonymous_3)","decl":{"start":{"line":23,"column":23},"end":{"line":23,"column":24}},"loc":{"start":{"line":23,"column":34},"end":{"line":28,"column":1}},"line":23}},"branchMap":{},"s":{"0":1,"1":1,"2":1,"3":1,"4":1,"5":0,"6":0},"f":{"0":1,"1":1,"2":1,"3":0},"b":{},"_coverageSchema":"332fd63041d2c1bcb487cc26dd0d5f7d97098a6c","hash":"e24be89c06a3704a8f846ce4b8da551c51a547f4"}
,"/www/react-infrastructure/src/components/home/HomeRedux.js": {"path":"/www/react-infrastructure/src/components/home/HomeRedux.js","statementMap":{"0":{"start":{"line":1,"column":25},"end":{"line":3,"column":1}},"1":{"start":{"line":5,"column":24},"end":{"line":5,"column":34}},"2":{"start":{"line":6,"column":27},"end":{"line":6,"column":40}},"3":{"start":{"line":9,"column":4},"end":{"line":11,"column":5}},"4":{"start":{"line":15,"column":4},"end":{"line":17,"column":5}},"5":{"start":{"line":21,"column":23},"end":{"line":36,"column":1}},"6":{"start":{"line":22,"column":4},"end":{"line":35,"column":5}},"7":{"start":{"line":24,"column":12},"end":{"line":27,"column":13}},"8":{"start":{"line":29,"column":12},"end":{"line":32,"column":13}},"9":{"start":{"line":34,"column":12},"end":{"line":34,"column":25}}},"fnMap":{"0":{"name":"addCount","decl":{"start":{"line":8,"column":16},"end":{"line":8,"column":24}},"loc":{"start":{"line":8,"column":27},"end":{"line":12,"column":1}},"line":8},"1":{"name":"reduceCount","decl":{"start":{"line":14,"column":16},"end":{"line":14,"column":27}},"loc":{"start":{"line":14,"column":30},"end":{"line":18,"column":1}},"line":14},"2":{"name":"(anonymous_2)","decl":{"start":{"line":21,"column":23},"end":{"line":21,"column":24}},"loc":{"start":{"line":21,"column":52},"end":{"line":36,"column":1}},"line":21}},"branchMap":{"0":{"loc":{"start":{"line":21,"column":24},"end":{"line":21,"column":39}},"type":"default-arg","locations":[{"start":{"line":21,"column":30},"end":{"line":21,"column":39}}],"line":21},"1":{"loc":{"start":{"line":22,"column":4},"end":{"line":35,"column":5}},"type":"switch","locations":[{"start":{"line":23,"column":8},"end":{"line":27,"column":13}},{"start":{"line":28,"column":8},"end":{"line":32,"column":13}},{"start":{"line":33,"column":8},"end":{"line":34,"column":25}}],"line":22}},"s":{"0":1,"1":1,"2":1,"3":2,"4":2,"5":1,"6":3,"7":1,"8":1,"9":1},"f":{"0":2,"1":2,"2":3},"b":{"0":[1],"1":[1,1,1]},"_coverageSchema":"332fd63041d2c1bcb487cc26dd0d5f7d97098a6c","hash":"e47d6843a9a39f999ae4fe41b1e194857f334010"}
,"/www/react-infrastructure/src/components/home/HomeSaga.js": {"path":"/www/react-infrastructure/src/components/home/HomeSaga.js","statementMap":{"0":{"start":{"line":8,"column":4},"end":{"line":11,"column":5}},"1":{"start":{"line":9,"column":8},"end":{"line":9,"column":39}},"2":{"start":{"line":10,"column":8},"end":{"line":10,"column":38}},"3":{"start":{"line":14,"column":4},"end":{"line":14,"column":28}},"4":{"start":{"line":15,"column":4},"end":{"line":15,"column":34}},"5":{"start":{"line":20,"column":4},"end":{"line":22,"column":6}}},"fnMap":{"0":{"name":"watch","decl":{"start":{"line":7,"column":17},"end":{"line":7,"column":22}},"loc":{"start":{"line":7,"column":25},"end":{"line":12,"column":1}},"line":7},"1":{"name":"test","decl":{"start":{"line":13,"column":17},"end":{"line":13,"column":21}},"loc":{"start":{"line":13,"column":24},"end":{"line":16,"column":1}},"line":13},"2":{"name":"HomeRootSaga","decl":{"start":{"line":19,"column":25},"end":{"line":19,"column":37}},"loc":{"start":{"line":19,"column":40},"end":{"line":23,"column":1}},"line":19}},"branchMap":{},"s":{"0":1,"1":1,"2":1,"3":1,"4":1,"5":0},"f":{"0":1,"1":1,"2":0},"b":{},"_coverageSchema":"332fd63041d2c1bcb487cc26dd0d5f7d97098a6c","hash":"2d1cc4512bc74def42ee77968891c69e1af4939c"}
}
