TN:
SF:/www/react-infrastructure/src/components/home/Content.js
FN:6,(anonymous_0)
FN:10,(anonymous_1)
FN:12,(anonymous_2)
FN:23,(anonymous_3)
FNF:4
FNH:3
FNDA:1,(anonymous_0)
FNDA:1,(anonymous_1)
FNDA:1,(anonymous_2)
FNDA:0,(anonymous_3)
DA:7,1
DA:8,1
DA:10,1
DA:12,1
DA:18,1
DA:24,0
DA:25,0
LF:7
LH:5
BRF:0
BRH:0
end_of_record
TN:
SF:/www/react-infrastructure/src/components/home/HomeRedux.js
FN:8,addCount
FN:14,reduceCount
FN:21,(anonymous_2)
FNF:3
FNH:3
FNDA:2,addCount
FNDA:2,reduceCount
FNDA:3,(anonymous_2)
DA:1,1
DA:5,1
DA:6,1
DA:9,2
DA:15,2
DA:21,1
DA:22,3
DA:24,1
DA:29,1
DA:34,1
LF:10
LH:10
BRDA:21,0,0,1
BRDA:22,1,0,1
BRDA:22,1,1,1
BRDA:22,1,2,1
BRF:4
BRH:4
end_of_record
TN:
SF:/www/react-infrastructure/src/components/home/HomeSaga.js
FN:7,watch
FN:13,test
FN:19,HomeRootSaga
FNF:3
FNH:2
FNDA:1,watch
FNDA:1,test
FNDA:0,HomeRootSaga
DA:8,1
DA:9,1
DA:10,1
DA:14,1
DA:15,1
DA:20,0
LF:6
LH:5
BRF:0
BRH:0
end_of_record
